<?xml version="1.0" encoding="UTF-8"?>
<!DOCTYPE properties SYSTEM "http://java.sun.com/dtd/properties.dtd">
<properties>
	<entry key="TEST_TOLVENPROPERTY_NAME">TEST_TOLVENPROPERTY_VALUE</entry>
</properties>